<?xml version="1.0" encoding="UTF-8"?>
<!-- Generated by org.testng.reporters.JUnitReportReporter -->
<testsuite hostname="LAPTOP-GDGOH5RM" failures="0" tests="1" name="com.TestCases.TC_Registration" time="10.996" errors="0" timestamp="2025-10-18T20:22:22 IST" skipped="0">
  <testcase classname="com.TestCases.TC_Registration" name="verify_Registration" time="10.996"/>
</testsuite> <!-- com.TestCases.TC_Registration -->
