<?xml version="1.0" encoding="UTF-8"?>
<!-- Generated by org.testng.reporters.JUnitReportReporter -->
<testsuite hostname="LAPTOP-GDGOH5RM" failures="0" tests="1" name="com.TestCases.TC_Login" time="1.814" errors="0" timestamp="2025-10-18T23:29:57 IST" skipped="0">
  <testcase classname="com.TestCases.TC_Login" name="login" time="1.814"/>
</testsuite> <!-- com.TestCases.TC_Login -->
