<?xml version="1.0" encoding="UTF-8"?>
<!-- Generated by org.testng.reporters.JUnitReportReporter -->
<testsuite hostname="LAPTOP-GDGOH5RM" failures="0" tests="3" name="com.TestCases.TC_Login" time="8.850" errors="0" timestamp="2025-10-18T16:08:58 IST" skipped="0">
  <testcase classname="com.TestCases.TC_Login" name="verify_validlogin" time="6.562"/>
  <testcase classname="com.TestCases.TC_Login" name="verify_Invalidlogin" time="0.558"/>
  <testcase classname="com.TestCases.TC_Login" name="verify_EmptyloginFields" time="1.730"/>
</testsuite> <!-- com.TestCases.TC_Login -->
