<?xml version="1.0" encoding="UTF-8"?>
<!-- Generated by org.testng.reporters.JUnitReportReporter -->
<testsuite hostname="LAPTOP-GDGOH5RM" failures="0" tests="1" name="com.TestCases.TC_SearchProduct" time="9.299" errors="0" timestamp="2025-10-19T16:14:10 IST" skipped="0">
  <testcase classname="com.TestCases.TC_SearchProduct" name="verify_searchproduct_functionality" time="9.299"/>
</testsuite> <!-- com.TestCases.TC_SearchProduct -->
